<?xml version="1.0" encoding="UTF-8"?>
<!-- Generated by org.testng.reporters.JUnitReportReporter -->
<testsuite skipped="0" hostname="jongky-Ubuntu" name="JTest.NewTest" tests="3" failures="0" timestamp="26 Apr 2017 23:43:47 GMT" time="0.001" errors="0">
  <testcase name="f3" time="0.000" classname="JTest.NewTest"/>
  <testcase name="f" time="0.001" classname="JTest.NewTest"/>
  <testcase name="f2" time="0.000" classname="JTest.NewTest"/>
</testsuite> <!-- JTest.NewTest -->
